SF:lib/src/file/file_path.dart
DA:6,7
DA:7,7
DA:16,7
DA:18,14
DA:19,7
DA:20,21
DA:22,7
LF:7
LH:7
end_of_record
SF:lib/src/audio/audio_manager.dart
DA:17,1
DA:19,2
DA:22,1
DA:24,2
DA:27,1
DA:29,2
DA:32,1
DA:34,2
DA:40,1
DA:42,1
DA:43,2
DA:45,2
DA:49,1
DA:51,2
DA:54,1
DA:56,2
DA:59,1
DA:61,2
DA:64,1
DA:66,2
LF:20
LH:20
end_of_record
SF:lib/src/data/song_data_manager.dart
DA:10,4
DA:12,8
DA:13,4
DA:16,6
DA:17,24
DA:19,12
DA:20,12
DA:24,2
DA:25,4
DA:26,2
DA:27,4
DA:28,6
DA:31,2
DA:32,4
DA:34,2
DA:36,2
DA:37,4
DA:38,2
DA:39,8
DA:40,2
LF:20
LH:20
end_of_record
SF:lib/models/song_model.dart
DA:7,9
DA:15,5
DA:16,5
DA:17,5
DA:18,5
DA:19,5
DA:20,5
DA:21,5
DA:25,3
DA:29,9
DA:30,9
DA:31,9
DA:32,9
DA:33,9
DA:36,0
DA:38,0
DA:39,0
DA:40,0
DA:41,0
DA:42,0
DA:45,7
DA:46,7
DA:47,7
DA:48,7
DA:49,7
DA:50,7
DA:51,7
LF:27
LH:21
end_of_record
SF:lib/src/data/data_manager.dart
DA:5,24
DA:10,5
DA:13,6
DA:15,6
DA:16,12
DA:17,6
DA:20,2
DA:21,2
DA:22,2
DA:30,0
DA:36,0
DA:46,6
DA:47,12
DA:48,6
DA:49,12
DA:52,0
DA:53,0
DA:56,6
LF:18
LH:14
end_of_record
SF:lib/src/data/song_url_parser.dart
DA:15,5
DA:17,25
DA:24,6
DA:26,12
DA:27,6
DA:33,6
DA:34,6
DA:35,6
DA:36,12
DA:37,6
DA:40,6
DA:43,5
DA:44,10
DA:45,20
DA:46,5
LF:15
LH:15
end_of_record
SF:lib/models/playlist_model.dart
DA:8,5
DA:14,3
DA:15,3
DA:16,3
DA:17,3
DA:18,3
DA:19,3
DA:23,5
DA:24,5
DA:25,5
DA:26,5
DA:27,5
LF:12
LH:12
end_of_record
SF:lib/src/data/playlist_data_manager.dart
DA:9,2
DA:11,4
DA:12,2
DA:15,2
DA:16,4
DA:17,2
DA:18,4
DA:19,2
DA:20,4
DA:23,2
DA:24,4
DA:25,2
DA:27,6
DA:30,4
DA:31,8
DA:32,12
DA:33,4
DA:37,4
DA:38,8
DA:39,8
DA:43,2
DA:44,4
DA:47,2
DA:49,2
DA:50,2
DA:52,2
DA:53,4
DA:54,2
DA:55,8
DA:56,4
DA:61,2
DA:62,4
DA:63,2
DA:64,2
DA:66,4
DA:67,2
DA:68,4
DA:69,2
LF:38
LH:38
end_of_record
