SF:lib/src/file/file_path.dart
DA:6,9
DA:7,9
DA:16,9
DA:18,18
DA:19,9
DA:20,27
DA:22,9
LF:7
LH:7
end_of_record
SF:lib/models/song_model.dart
DA:7,12
DA:15,3
DA:16,3
DA:17,3
DA:18,3
DA:19,3
DA:20,3
DA:21,3
DA:25,1
DA:29,3
DA:30,3
DA:31,3
DA:32,3
DA:33,3
DA:36,0
DA:38,0
DA:39,0
DA:40,0
DA:41,0
DA:42,0
DA:45,1
DA:46,1
DA:47,1
DA:48,1
DA:49,1
DA:50,1
DA:51,1
LF:27
LH:21
end_of_record
SF:lib/src/data/song_url_parser.dart
DA:7,3
DA:9,15
DA:26,9
DA:28,18
DA:29,9
DA:35,9
DA:36,9
DA:38,9
DA:39,14
DA:40,7
DA:43,9
DA:46,3
DA:48,9
DA:49,12
DA:50,3
LF:15
LH:15
end_of_record
SF:lib/src/data/data_manager.dart
DA:5,32
DA:6,8
DA:7,8
DA:12,3
DA:16,8
DA:18,8
DA:19,16
DA:20,8
DA:23,2
DA:24,2
DA:25,2
DA:33,0
DA:39,0
DA:49,8
DA:50,12
DA:51,8
DA:52,12
DA:55,0
DA:56,0
DA:59,4
LF:20
LH:16
end_of_record
SF:lib/src/data/song_data_manager.dart
DA:9,4
DA:11,8
DA:12,0
DA:15,8
DA:16,32
DA:18,16
DA:19,4
DA:20,20
DA:23,0
DA:24,0
DA:25,0
DA:26,0
DA:27,0
DA:30,2
DA:31,4
DA:32,0
DA:33,0
DA:34,0
DA:37,2
DA:38,4
DA:40,0
DA:42,0
DA:43,0
DA:44,0
DA:45,0
DA:46,0
DA:51,2
DA:52,4
DA:54,2
DA:56,4
DA:57,8
LF:31
LH:16
end_of_record
SF:lib/models/playlist_model.dart
DA:8,8
DA:14,1
DA:15,1
DA:16,1
DA:17,1
DA:18,1
DA:19,1
DA:23,1
DA:24,1
DA:25,1
DA:26,1
DA:27,1
LF:12
LH:12
end_of_record
SF:lib/src/data/playlist_data_manager.dart
DA:9,4
DA:13,2
DA:15,4
DA:16,0
DA:17,0
DA:20,4
DA:21,8
DA:22,2
DA:23,6
DA:26,2
DA:27,0
DA:28,0
DA:32,0
DA:33,0
DA:34,0
DA:35,0
DA:36,0
DA:37,0
DA:40,2
DA:41,4
DA:42,0
DA:43,0
DA:46,2
DA:47,4
DA:49,0
DA:51,0
DA:54,4
DA:55,8
DA:56,2
DA:57,0
DA:59,0
DA:60,0
DA:61,0
DA:62,0
DA:68,0
DA:69,0
DA:71,0
DA:73,0
DA:74,0
DA:76,0
DA:77,0
DA:78,0
DA:80,0
DA:81,0
DA:86,0
DA:87,0
DA:88,0
DA:90,0
DA:93,2
DA:94,4
DA:95,6
DA:96,2
DA:97,0
LF:53
LH:19
end_of_record
SF:lib/src/audio/audio_manager.dart
DA:17,3
DA:22,1
DA:24,2
DA:27,0
DA:29,0
DA:32,1
DA:34,2
DA:37,1
DA:39,2
DA:42,1
DA:44,1
DA:45,2
DA:47,0
DA:51,1
DA:53,2
DA:56,1
DA:58,2
DA:61,1
DA:63,2
DA:66,1
DA:68,2
DA:71,1
DA:73,2
LF:23
LH:20
end_of_record
SF:lib/src/url/url_parser.dart
DA:2,2
DA:4,4
LF:2
LH:2
end_of_record
SF:lib/src/audio/playlist_audio_manager.dart
DA:29,0
DA:31,0
DA:34,0
DA:36,0
DA:39,0
DA:41,0
DA:44,0
DA:46,0
DA:49,0
DA:51,0
DA:54,0
DA:56,0
DA:59,0
DA:61,0
DA:64,1
DA:67,1
DA:69,2
DA:70,3
DA:71,2
DA:74,2
DA:76,1
DA:80,3
DA:84,0
DA:86,0
DA:89,1
DA:90,1
DA:91,2
DA:93,0
LF:28
LH:11
end_of_record
SF:lib/src/data/youtube_to_playlist.dart
DA:9,2
DA:13,4
DA:15,4
DA:16,4
DA:17,6
DA:18,4
DA:25,2
DA:26,2
DA:28,2
DA:29,2
DA:30,2
DA:32,2
DA:33,4
DA:36,2
DA:37,4
DA:38,4
DA:39,2
DA:40,2
DA:42,2
DA:43,4
DA:46,2
DA:47,4
DA:48,4
DA:49,2
DA:54,2
DA:55,4
DA:57,4
DA:58,2
DA:61,2
DA:62,2
DA:63,4
LF:31
LH:31
end_of_record
